e:\remote-control\study_project\remotectrl\remoteclient\debug\remoteclient.pch
e:\remote-control\study_project\remotectrl\remoteclient\debug\vc143.pdb
e:\remote-control\study_project\remotectrl\remoteclient\debug\vc143.idb
e:\remote-control\study_project\remotectrl\remoteclient\debug\pch.obj
e:\remote-control\study_project\remotectrl\remoteclient\debug\remoteclientdlg.obj
e:\remote-control\study_project\remotectrl\remoteclient\debug\remoteclient.obj
e:\remote-control\study_project\remotectrl\remoteclient\debug\clientsocket.obj
e:\remote-control\study_project\remotectrl\remoteclient\debug\remoteclient.ilk
e:\remote-control\study_project\remotectrl\debug\remoteclient.exe
e:\remote-control\study_project\remotectrl\debug\remoteclient.pdb
e:\remote-control\study_project\remotectrl\remoteclient\debug\remoteclient.res
e:\remote-control\study_project\remotectrl\remoteclient\debug\remoteclient.tlog\cl.command.1.tlog
e:\remote-control\study_project\remotectrl\remoteclient\debug\remoteclient.tlog\cl.read.1.tlog
e:\remote-control\study_project\remotectrl\remoteclient\debug\remoteclient.tlog\cl.write.1.tlog
e:\remote-control\study_project\remotectrl\remoteclient\debug\remoteclient.tlog\link.command.1.tlog
e:\remote-control\study_project\remotectrl\remoteclient\debug\remoteclient.tlog\link.read.1.tlog
e:\remote-control\study_project\remotectrl\remoteclient\debug\remoteclient.tlog\link.write.1.tlog
e:\remote-control\study_project\remotectrl\remoteclient\debug\remoteclient.tlog\rc.command.1.tlog
e:\remote-control\study_project\remotectrl\remoteclient\debug\remoteclient.tlog\rc.read.1.tlog
e:\remote-control\study_project\remotectrl\remoteclient\debug\remoteclient.tlog\rc.write.1.tlog
